<?xml version="1.0" encoding="UTF-8"?>
<!-- Generated by org.testng.reporters.JUnitXMLReporter -->
<testsuite hostname="LT004" name="Second class" tests="1" failures="0" timestamp="14 Jun 2018 09:32:09 GMT" time="0.005" errors="0">
  <testcase name="@BeforeTest isskip" time="0.0" classname="dd_tests.InspectionPage">
    <skipped/>
  </testcase> <!-- @BeforeTest isskip -->
  <testcase name="Inspection" time="0.001" classname="dd_tests.InspectionPage">
    <skipped/>
  </testcase> <!-- Inspection -->
</testsuite> <!-- Second class -->
